<?xml version="1.0" encoding="UTF-8"?>
<testsuite name="CheckColumnsCommandTest" tests="4" skipped="0" failures="0" errors="0" timestamp="2022-06-15T22:09:05" hostname="Justins-MacBook-Pro.local" time="0.032">
  <properties/>
  <testcase name="test9x9Failure()" classname="CheckColumnsCommandTest" time="0.027"/>
  <testcase name="test4x4Failure()" classname="CheckColumnsCommandTest" time="0.001"/>
  <testcase name="test4x4Successful()" classname="CheckColumnsCommandTest" time="0.001"/>
  <testcase name="test9x9Successful()" classname="CheckColumnsCommandTest" time="0.001"/>
  <system-out><![CDATA[]]></system-out>
  <system-err><![CDATA[]]></system-err>
</testsuite>
