<?xml version="1.0" encoding="UTF-8"?>
<testsuite name="BackTrackStrategyTest" tests="2" skipped="0" failures="0" errors="0" timestamp="2022-06-16T03:34:26" hostname="Justins-MacBook-Pro.local" time="0.033">
  <properties/>
  <testcase name="test4x4Successfully()" classname="BackTrackStrategyTest" time="0.03"/>
  <testcase name="test9x9Successfully()" classname="BackTrackStrategyTest" time="0.003"/>
  <system-out><![CDATA[[2, 4, 3, 1]
[1, 3, 2, 4]
[3, 1, 4, 2]
[4, 2, 1, 3]

[4, 9, 2, 1, 3, 6, 7, 5, 8]
[7, 6, 3, 5, 4, 8, 1, 9, 2]
[5, 1, 8, 7, 2, 9, 3, 6, 4]
[8, 2, 5, 3, 1, 7, 9, 4, 6]
[6, 7, 4, 8, 9, 5, 2, 1, 3]
[9, 3, 1, 2, 6, 4, 5, 8, 7]
[1, 8, 6, 9, 7, 3, 4, 2, 5]
[2, 4, 7, 6, 5, 1, 8, 3, 9]
[3, 5, 9, 4, 8, 2, 6, 7, 1]

]]></system-out>
  <system-err><![CDATA[]]></system-err>
</testsuite>
