<?xml version="1.0" encoding="UTF-8"?>
<testsuite name="CheckBlockCommandTest" tests="4" skipped="0" failures="0" errors="0" timestamp="2022-06-16T04:23:00" hostname="Justins-MacBook-Pro.local" time="0.033">
  <properties/>
  <testcase name="testBlocks9x9Successfully()" classname="CheckBlockCommandTest" time="0.027"/>
  <testcase name="testBlocks9x9Failed()" classname="CheckBlockCommandTest" time="0.001"/>
  <testcase name="testBlocks4x4Failed()" classname="CheckBlockCommandTest" time="0.002"/>
  <testcase name="testBlocks4x4Successfully()" classname="CheckBlockCommandTest" time="0.001"/>
  <system-out><![CDATA[]]></system-out>
  <system-err><![CDATA[]]></system-err>
</testsuite>
